<?xml version="1.0" encoding="UTF-8"?>
<testng-results ignored="0" total="3" passed="3" failed="0" skipped="0">
  <reporter-output>
  </reporter-output>
  <suite started-at="2025-02-15T01:59:37 IST" name="Suite" finished-at="2025-02-15T02:00:11 IST" duration-ms="34568">
    <groups>
    </groups>
    <test started-at="2025-02-15T01:59:37 IST" name="Test1" finished-at="2025-02-15T01:59:48 IST" duration-ms="10770">
      <class name="testCases.TC02_To_Verify_Registration">
        <test-method is-config="true" signature="start(org.testng.ITestContext)[pri:0, instance:testCases.TC02_To_Verify_Registration@7e5c856f]" started-at="2025-02-15T01:59:37 IST" name="start" finished-at="2025-02-15T01:59:43 IST" duration-ms="6430" status="PASS">
          <params>
            <param index="0">
              <value>
                <![CDATA[org.testng.TestRunner@3e7dd664]]>
              </value>
            </param>
          </params>
          <reporter-output>
          </reporter-output>
        </test-method> <!-- start -->
        <test-method signature="to_Verify_Registration()[pri:1, instance:testCases.TC02_To_Verify_Registration@7e5c856f]" started-at="2025-02-15T01:59:43 IST" name="to_Verify_Registration" finished-at="2025-02-15T01:59:47 IST" duration-ms="3913" status="PASS">
          <reporter-output>
          </reporter-output>
        </test-method> <!-- to_Verify_Registration -->
        <test-method is-config="true" signature="stop()[pri:0, instance:testCases.TC02_To_Verify_Registration@7e5c856f]" started-at="2025-02-15T01:59:47 IST" name="stop" finished-at="2025-02-15T01:59:48 IST" duration-ms="410" status="PASS">
          <reporter-output>
          </reporter-output>
        </test-method> <!-- stop -->
      </class> <!-- testCases.TC02_To_Verify_Registration -->
    </test> <!-- Test1 -->
    <test started-at="2025-02-15T01:59:53 IST" name="Test2" finished-at="2025-02-15T01:59:59 IST" duration-ms="5922">
      <class name="testCases.TC01_To_Verify_Login">
        <test-method is-config="true" signature="start(org.testng.ITestContext)[pri:0, instance:testCases.TC01_To_Verify_Login@60129b9a]" started-at="2025-02-15T01:59:53 IST" name="start" finished-at="2025-02-15T01:59:57 IST" duration-ms="4446" status="PASS">
          <params>
            <param index="0">
              <value>
                <![CDATA[org.testng.TestRunner@5b1ebf56]]>
              </value>
            </param>
          </params>
          <reporter-output>
          </reporter-output>
        </test-method> <!-- start -->
        <test-method signature="to_Verify_Login()[pri:2, instance:testCases.TC01_To_Verify_Login@60129b9a]" started-at="2025-02-15T01:59:57 IST" name="to_Verify_Login" finished-at="2025-02-15T01:59:58 IST" duration-ms="1334" status="PASS">
          <reporter-output>
          </reporter-output>
        </test-method> <!-- to_Verify_Login -->
        <test-method is-config="true" signature="stop()[pri:0, instance:testCases.TC01_To_Verify_Login@60129b9a]" started-at="2025-02-15T01:59:58 IST" name="stop" finished-at="2025-02-15T01:59:59 IST" duration-ms="137" status="PASS">
          <reporter-output>
          </reporter-output>
        </test-method> <!-- stop -->
      </class> <!-- testCases.TC01_To_Verify_Login -->
    </test> <!-- Test2 -->
    <test started-at="2025-02-15T02:00:04 IST" name="Test3" finished-at="2025-02-15T02:00:11 IST" duration-ms="7830">
      <class name="testCases.TC03_To_Verify_Transfer_Funds">
        <test-method is-config="true" signature="start(org.testng.ITestContext)[pri:0, instance:testCases.TC03_To_Verify_Transfer_Funds@492691d7]" started-at="2025-02-15T02:00:04 IST" name="start" finished-at="2025-02-15T02:00:08 IST" duration-ms="4211" status="PASS">
          <params>
            <param index="0">
              <value>
                <![CDATA[org.testng.TestRunner@294a6b8e]]>
              </value>
            </param>
          </params>
          <reporter-output>
          </reporter-output>
        </test-method> <!-- start -->
        <test-method signature="to_Verify_Transfer_Funds()[pri:3, instance:testCases.TC03_To_Verify_Transfer_Funds@492691d7]" started-at="2025-02-15T02:00:08 IST" name="to_Verify_Transfer_Funds" finished-at="2025-02-15T02:00:11 IST" duration-ms="3462" status="PASS">
          <reporter-output>
          </reporter-output>
        </test-method> <!-- to_Verify_Transfer_Funds -->
        <test-method is-config="true" signature="stop()[pri:0, instance:testCases.TC03_To_Verify_Transfer_Funds@492691d7]" started-at="2025-02-15T02:00:11 IST" name="stop" finished-at="2025-02-15T02:00:11 IST" duration-ms="152" status="PASS">
          <reporter-output>
          </reporter-output>
        </test-method> <!-- stop -->
      </class> <!-- testCases.TC03_To_Verify_Transfer_Funds -->
    </test> <!-- Test3 -->
  </suite> <!-- Suite -->
</testng-results>
