<?xml version="1.0" encoding="UTF-8"?>
<testng-results ignored="0" total="3" passed="3" failed="0" skipped="0">
  <reporter-output>
  </reporter-output>
  <suite started-at="2025-02-15T01:27:33 IST" name="Suite" finished-at="2025-02-15T01:28:06 IST" duration-ms="32753">
    <groups>
    </groups>
    <test started-at="2025-02-15T01:27:33 IST" name="Test1" finished-at="2025-02-15T01:27:42 IST" duration-ms="9044">
      <class name="testCases.TC02_To_Verify_Registration">
        <test-method is-config="true" signature="start(org.testng.ITestContext)[pri:0, instance:testCases.TC02_To_Verify_Registration@7e4204e2]" started-at="2025-02-15T01:27:33 IST" name="start" finished-at="2025-02-15T01:27:38 IST" duration-ms="5419" status="PASS">
          <params>
            <param index="0">
              <value>
                <![CDATA[org.testng.TestRunner@626c44e7]]>
              </value>
            </param>
          </params>
          <reporter-output>
          </reporter-output>
        </test-method> <!-- start -->
        <test-method signature="to_Verify_Registration()[pri:1, instance:testCases.TC02_To_Verify_Registration@7e4204e2]" started-at="2025-02-15T01:27:38 IST" name="to_Verify_Registration" finished-at="2025-02-15T01:27:42 IST" duration-ms="3225" status="PASS">
          <reporter-output>
          </reporter-output>
        </test-method> <!-- to_Verify_Registration -->
        <test-method is-config="true" signature="stop()[pri:0, instance:testCases.TC02_To_Verify_Registration@7e4204e2]" started-at="2025-02-15T01:27:42 IST" name="stop" finished-at="2025-02-15T01:27:42 IST" duration-ms="379" status="PASS">
          <reporter-output>
          </reporter-output>
        </test-method> <!-- stop -->
      </class> <!-- testCases.TC02_To_Verify_Registration -->
    </test> <!-- Test1 -->
    <test started-at="2025-02-15T01:27:47 IST" name="Test2" finished-at="2025-02-15T01:27:53 IST" duration-ms="5860">
      <class name="testCases.TC01_To_Verify_Login">
        <test-method is-config="true" signature="start(org.testng.ITestContext)[pri:0, instance:testCases.TC01_To_Verify_Login@3a5ecce3]" started-at="2025-02-15T01:27:47 IST" name="start" finished-at="2025-02-15T01:27:49 IST" duration-ms="2011" status="PASS">
          <params>
            <param index="0">
              <value>
                <![CDATA[org.testng.TestRunner@4dc8caa7]]>
              </value>
            </param>
          </params>
          <reporter-output>
          </reporter-output>
        </test-method> <!-- start -->
        <test-method signature="to_Verify_Login()[pri:2, instance:testCases.TC01_To_Verify_Login@3a5ecce3]" started-at="2025-02-15T01:27:49 IST" name="to_Verify_Login" finished-at="2025-02-15T01:27:53 IST" duration-ms="3699" status="PASS">
          <reporter-output>
          </reporter-output>
        </test-method> <!-- to_Verify_Login -->
        <test-method is-config="true" signature="stop()[pri:0, instance:testCases.TC01_To_Verify_Login@3a5ecce3]" started-at="2025-02-15T01:27:53 IST" name="stop" finished-at="2025-02-15T01:27:53 IST" duration-ms="144" status="PASS">
          <reporter-output>
          </reporter-output>
        </test-method> <!-- stop -->
      </class> <!-- testCases.TC01_To_Verify_Login -->
    </test> <!-- Test2 -->
    <test started-at="2025-02-15T01:27:58 IST" name="Test3" finished-at="2025-02-15T01:28:06 IST" duration-ms="7797">
      <class name="testCases.TC03_To_Verify_Transfer_Funds">
        <test-method is-config="true" signature="start(org.testng.ITestContext)[pri:0, instance:testCases.TC03_To_Verify_Transfer_Funds@2dcd168a]" started-at="2025-02-15T01:27:58 IST" name="start" finished-at="2025-02-15T01:28:02 IST" duration-ms="3631" status="PASS">
          <params>
            <param index="0">
              <value>
                <![CDATA[org.testng.TestRunner@1d730606]]>
              </value>
            </param>
          </params>
          <reporter-output>
          </reporter-output>
        </test-method> <!-- start -->
        <test-method signature="to_Verify_Transfer_Funds()[pri:3, instance:testCases.TC03_To_Verify_Transfer_Funds@2dcd168a]" started-at="2025-02-15T01:28:02 IST" name="to_Verify_Transfer_Funds" finished-at="2025-02-15T01:28:06 IST" duration-ms="4008" status="PASS">
          <reporter-output>
          </reporter-output>
        </test-method> <!-- to_Verify_Transfer_Funds -->
        <test-method is-config="true" signature="stop()[pri:0, instance:testCases.TC03_To_Verify_Transfer_Funds@2dcd168a]" started-at="2025-02-15T01:28:06 IST" name="stop" finished-at="2025-02-15T01:28:06 IST" duration-ms="153" status="PASS">
          <reporter-output>
          </reporter-output>
        </test-method> <!-- stop -->
      </class> <!-- testCases.TC03_To_Verify_Transfer_Funds -->
    </test> <!-- Test3 -->
  </suite> <!-- Suite -->
</testng-results>
